<?xml version="1.0" encoding="UTF-8" standalone="no"?>
<testsuite failures="2" name="cucumber.runtime.formatter.JUnitFormatter" skipped="0" tests="2" time="104.787022">
<testcase classname="Telehealth Filter Result Validation based on Telehealth Provider Name Search" name="Verify Telehealth Provider Name Search" time="70.720681">
<failure message="org.openqa.selenium.TimeoutException: Expected condition failed: waiting for visibility of Proxy element for: DefaultElementLocator 'By.xpath: //h2[contains(text(),'Doctors by name')]' (tried for 5 second(s) with 500 milliseconds interval)&#10;&#9;at org.openqa.selenium.support.ui.WebDriverWait.timeoutException(WebDriverWait.java:81)&#10;&#9;at org.openqa.selenium.support.ui.FluentWait.until(FluentWait.java:271)&#10;&#9;at com.cucumbercraft.pages.HSQSearchHomePage.locateDoctorsByNameElement(HSQSearchHomePage.java:135)&#10;&#9;at com.cucumbercraft.stepdefinitions.GeneralStepDefs.i_should_be_landed_on_the_HSQ_Home_page(GeneralStepDefs.java:432)&#10;&#9;at ✽.Then I should be landed on the HSQ Home page(TC0001_RG_AS_Telehealth Filter validation based on Telehealth Provider Name Search.feature:12)&#10;Caused by: org.openqa.selenium.NoSuchElementException: Unable to locate element: //h2[contains(text(),'Doctors by name')]&#10;For documentation on this error, please visit: http://seleniumhq.org/exceptions/no_such_element.html&#10;Build info: version: '3.12.0', revision: '7c6e0b3', time: '2018-05-08T14:04:26.12Z'&#10;System info: host: 'TRG525170.hsd1.or.comcast.net', ip: 'fe80:0:0:0:87f:749c:cd7c:3a9a%en0', os.name: 'Mac OS X', os.arch: 'x86_64', os.version: '10.13.6', java.version: '1.8.0_161'&#10;Driver info: org.openqa.selenium.firefox.FirefoxDriver&#10;Capabilities {acceptInsecureCerts: true, browserName: firefox, browserVersion: 70.0.1, javascriptEnabled: true, moz:accessibilityChecks: false, moz:buildID: 20191030021342, moz:geckodriverVersion: 0.24.0, moz:headless: false, moz:processID: 48074, moz:profile: /var/folders/_0/k1nlbhv51fj..., moz:shutdownTimeout: 60000, moz:useNonSpecCompliantPointerOrigin: false, moz:webdriverClick: true, pageLoadStrategy: normal, platform: MAC, platformName: MAC, platformVersion: 17.7.0, rotatable: false, setWindowRect: true, strictFileInteractability: false, timeouts: {implicit: 0, pageLoad: 300000, script: 30000}, unhandledPromptBehavior: dismiss and notify}&#10;Session ID: 792138a4-5ca4-7d45-adf3-5eaa97d9f304&#10;*** Element info: {Using=xpath, value=//h2[contains(text(),'Doctors by name')]}&#10;&#9;at sun.reflect.NativeConstructorAccessorImpl.newInstance0(Native Method)&#10;&#9;at sun.reflect.NativeConstructorAccessorImpl.newInstance(NativeConstructorAccessorImpl.java:62)&#10;&#9;at sun.reflect.DelegatingConstructorAccessorImpl.newInstance(DelegatingConstructorAccessorImpl.java:45)&#10;&#9;at java.lang.reflect.Constructor.newInstance(Constructor.java:423)&#10;&#9;at org.openqa.selenium.remote.http.W3CHttpResponseCodec.createException(W3CHttpResponseCodec.java:187)&#10;&#9;at org.openqa.selenium.remote.http.W3CHttpResponseCodec.decode(W3CHttpResponseCodec.java:122)&#10;&#9;at org.openqa.selenium.remote.http.W3CHttpResponseCodec.decode(W3CHttpResponseCodec.java:49)&#10;&#9;at org.openqa.selenium.remote.HttpCommandExecutor.execute(HttpCommandExecutor.java:158)&#10;&#9;at org.openqa.selenium.remote.service.DriverCommandExecutor.execute(DriverCommandExecutor.java:83)&#10;&#9;at org.openqa.selenium.remote.RemoteWebDriver.execute(RemoteWebDriver.java:543)&#10;&#9;at org.openqa.selenium.remote.RemoteWebDriver.findElement(RemoteWebDriver.java:317)&#10;&#9;at org.openqa.selenium.remote.RemoteWebDriver.findElementByXPath(RemoteWebDriver.java:419)&#10;&#9;at org.openqa.selenium.By$ByXPath.findElement(By.java:353)&#10;&#9;at org.openqa.selenium.remote.RemoteWebDriver.findElement(RemoteWebDriver.java:309)&#10;&#9;at org.openqa.selenium.support.pagefactory.DefaultElementLocator.findElement(DefaultElementLocator.java:69)&#10;&#9;at org.openqa.selenium.support.pagefactory.internal.LocatingElementHandler.invoke(LocatingElementHandler.java:38)&#10;&#9;at com.sun.proxy.$Proxy28.isDisplayed(Unknown Source)&#10;&#9;at org.openqa.selenium.support.ui.ExpectedConditions.elementIfVisible(ExpectedConditions.java:315)&#10;&#9;at org.openqa.selenium.support.ui.ExpectedConditions.access$100(ExpectedConditions.java:44)&#10;&#9;at org.openqa.selenium.support.ui.ExpectedConditions$10.apply(ExpectedConditions.java:301)&#10;&#9;at org.openqa.selenium.support.ui.ExpectedConditions$10.apply(ExpectedConditions.java:298)&#10;&#9;at org.openqa.selenium.support.ui.FluentWait.until(FluentWait.java:248)&#10;&#9;at com.cucumbercraft.pages.HSQSearchHomePage.locateDoctorsByNameElement(HSQSearchHomePage.java:135)&#10;&#9;at com.cucumbercraft.stepdefinitions.GeneralStepDefs.i_should_be_landed_on_the_HSQ_Home_page(GeneralStepDefs.java:432)&#10;&#9;at sun.reflect.NativeMethodAccessorImpl.invoke0(Native Method)&#10;&#9;at sun.reflect.NativeMethodAccessorImpl.invoke(NativeMethodAccessorImpl.java:62)&#10;&#9;at sun.reflect.DelegatingMethodAccessorImpl.invoke(DelegatingMethodAccessorImpl.java:43)&#10;&#9;at java.lang.reflect.Method.invoke(Method.java:498)&#10;&#9;at cucumber.runtime.Utils$1.call(Utils.java:40)&#10;&#9;at cucumber.runtime.Timeout.timeout(Timeout.java:16)&#10;&#9;at cucumber.runtime.Utils.invoke(Utils.java:34)&#10;&#9;at cucumber.runtime.java.JavaStepDefinition.execute(JavaStepDefinition.java:38)&#10;&#9;at cucumber.runtime.StepDefinitionMatch.runStep(StepDefinitionMatch.java:37)&#10;&#9;at cucumber.runtime.Runtime.runStep(Runtime.java:300)&#10;&#9;at cucumber.runtime.model.StepContainer.runStep(StepContainer.java:44)&#10;&#9;at cucumber.runtime.model.StepContainer.runSteps(StepContainer.java:39)&#10;&#9;at cucumber.runtime.model.CucumberScenario.run(CucumberScenario.java:44)&#10;&#9;at cucumber.runtime.model.CucumberScenarioOutline.run(CucumberScenarioOutline.java:46)&#10;&#9;at cucumber.runtime.model.CucumberFeature.run(CucumberFeature.java:165)&#10;&#9;at cucumber.api.testng.TestNGCucumberRunner.runCucumber(TestNGCucumberRunner.java:63)&#10;&#9;at cucumber.api.testng.AbstractTestNGCucumberTests.feature(AbstractTestNGCucumberTests.java:21)&#10;&#9;at sun.reflect.NativeMethodAccessorImpl.invoke0(Native Method)&#10;&#9;at sun.reflect.NativeMethodAccessorImpl.invoke(NativeMethodAccessorImpl.java:62)&#10;&#9;at sun.reflect.DelegatingMethodAccessorImpl.invoke(DelegatingMethodAccessorImpl.java:43)&#10;&#9;at java.lang.reflect.Method.invoke(Method.java:498)&#10;&#9;at org.testng.internal.MethodInvocationHelper.invokeMethod(MethodInvocationHelper.java:108)&#10;&#9;at org.testng.internal.Invoker.invokeMethod(Invoker.java:661)&#10;&#9;at org.testng.internal.Invoker.invokeTestMethod(Invoker.java:869)&#10;&#9;at org.testng.internal.Invoker.invokeTestMethods(Invoker.java:1193)&#10;&#9;at org.testng.internal.TestMethodWorker.invokeTestMethods(TestMethodWorker.java:126)&#10;&#9;at org.testng.internal.TestMethodWorker.run(TestMethodWorker.java:109)&#10;&#9;at org.testng.TestRunner.privateRun(TestRunner.java:744)&#10;&#9;at org.testng.TestRunner.run(TestRunner.java:602)&#10;&#9;at org.testng.SuiteRunner.runTest(SuiteRunner.java:380)&#10;&#9;at org.testng.SuiteRunner.access$000(SuiteRunner.java:39)&#10;&#9;at org.testng.SuiteRunner$SuiteWorker.run(SuiteRunner.java:414)&#10;&#9;at org.testng.internal.thread.ThreadUtil$1.call(ThreadUtil.java:52)&#10;&#9;at java.util.concurrent.FutureTask.run(FutureTask.java:266)&#10;&#9;at java.util.concurrent.ThreadPoolExecutor.runWorker(ThreadPoolExecutor.java:1149)&#10;&#9;at java.util.concurrent.ThreadPoolExecutor$Worker.run(ThreadPoolExecutor.java:624)&#10;&#9;at java.lang.Thread.run(Thread.java:748)&#10;"><![CDATA[Given I am in the "Regence" brand login page of "authenticated" user experience in "QA3" environment.passed
When I login with valid username as "TESTBLUWANWFFT" and valid Password as "password$1".passed
And I click on Find a Doctor link and select "medicalProvider" Icon.........passed
Then I should be landed on the HSQ Home page................................failed
And verify the title of the HSQ Home page as "Search homepage"..............skipped
Then I Verify the location is defaulted to "1 TEST DEMO ST, SEATTL..."......skipped
And I Update the address in choose your search location as "Salt Lake City, UT" if it is found as invalid.skipped
And I click on "search_All" option..........................................skipped
And I enter the Telehealth provider name as "Scott, David W, LMFT"..........skipped
And I select the Telehealth filter..........................................skipped
Then the searched provider should be displayed with the Telehealth text "Telehealth".skipped
And I close the HSQ tab.....................................................skipped
And I Navigate back to Regence Member Dashboard Page........................skipped
And I Click on SignOut hyperlink............................................skipped
And I Closed the browser window.............................................skipped

StackTrace:
org.openqa.selenium.TimeoutException: Expected condition failed: waiting for visibility of Proxy element for: DefaultElementLocator 'By.xpath: //h2[contains(text(),'Doctors by name')]' (tried for 5 second(s) with 500 milliseconds interval)
	at org.openqa.selenium.support.ui.WebDriverWait.timeoutException(WebDriverWait.java:81)
	at org.openqa.selenium.support.ui.FluentWait.until(FluentWait.java:271)
	at com.cucumbercraft.pages.HSQSearchHomePage.locateDoctorsByNameElement(HSQSearchHomePage.java:135)
	at com.cucumbercraft.stepdefinitions.GeneralStepDefs.i_should_be_landed_on_the_HSQ_Home_page(GeneralStepDefs.java:432)
	at ✽.Then I should be landed on the HSQ Home page(TC0001_RG_AS_Telehealth Filter validation based on Telehealth Provider Name Search.feature:12)
Caused by: org.openqa.selenium.NoSuchElementException: Unable to locate element: //h2[contains(text(),'Doctors by name')]
For documentation on this error, please visit: http://seleniumhq.org/exceptions/no_such_element.html
Build info: version: '3.12.0', revision: '7c6e0b3', time: '2018-05-08T14:04:26.12Z'
System info: host: 'TRG525170.hsd1.or.comcast.net', ip: 'fe80:0:0:0:87f:749c:cd7c:3a9a%en0', os.name: 'Mac OS X', os.arch: 'x86_64', os.version: '10.13.6', java.version: '1.8.0_161'
Driver info: org.openqa.selenium.firefox.FirefoxDriver
Capabilities {acceptInsecureCerts: true, browserName: firefox, browserVersion: 70.0.1, javascriptEnabled: true, moz:accessibilityChecks: false, moz:buildID: 20191030021342, moz:geckodriverVersion: 0.24.0, moz:headless: false, moz:processID: 48074, moz:profile: /var/folders/_0/k1nlbhv51fj..., moz:shutdownTimeout: 60000, moz:useNonSpecCompliantPointerOrigin: false, moz:webdriverClick: true, pageLoadStrategy: normal, platform: MAC, platformName: MAC, platformVersion: 17.7.0, rotatable: false, setWindowRect: true, strictFileInteractability: false, timeouts: {implicit: 0, pageLoad: 300000, script: 30000}, unhandledPromptBehavior: dismiss and notify}
Session ID: 792138a4-5ca4-7d45-adf3-5eaa97d9f304
*** Element info: {Using=xpath, value=//h2[contains(text(),'Doctors by name')]}
	at sun.reflect.NativeConstructorAccessorImpl.newInstance0(Native Method)
	at sun.reflect.NativeConstructorAccessorImpl.newInstance(NativeConstructorAccessorImpl.java:62)
	at sun.reflect.DelegatingConstructorAccessorImpl.newInstance(DelegatingConstructorAccessorImpl.java:45)
	at java.lang.reflect.Constructor.newInstance(Constructor.java:423)
	at org.openqa.selenium.remote.http.W3CHttpResponseCodec.createException(W3CHttpResponseCodec.java:187)
	at org.openqa.selenium.remote.http.W3CHttpResponseCodec.decode(W3CHttpResponseCodec.java:122)
	at org.openqa.selenium.remote.http.W3CHttpResponseCodec.decode(W3CHttpResponseCodec.java:49)
	at org.openqa.selenium.remote.HttpCommandExecutor.execute(HttpCommandExecutor.java:158)
	at org.openqa.selenium.remote.service.DriverCommandExecutor.execute(DriverCommandExecutor.java:83)
	at org.openqa.selenium.remote.RemoteWebDriver.execute(RemoteWebDriver.java:543)
	at org.openqa.selenium.remote.RemoteWebDriver.findElement(RemoteWebDriver.java:317)
	at org.openqa.selenium.remote.RemoteWebDriver.findElementByXPath(RemoteWebDriver.java:419)
	at org.openqa.selenium.By$ByXPath.findElement(By.java:353)
	at org.openqa.selenium.remote.RemoteWebDriver.findElement(RemoteWebDriver.java:309)
	at org.openqa.selenium.support.pagefactory.DefaultElementLocator.findElement(DefaultElementLocator.java:69)
	at org.openqa.selenium.support.pagefactory.internal.LocatingElementHandler.invoke(LocatingElementHandler.java:38)
	at com.sun.proxy.$Proxy28.isDisplayed(Unknown Source)
	at org.openqa.selenium.support.ui.ExpectedConditions.elementIfVisible(ExpectedConditions.java:315)
	at org.openqa.selenium.support.ui.ExpectedConditions.access$100(ExpectedConditions.java:44)
	at org.openqa.selenium.support.ui.ExpectedConditions$10.apply(ExpectedConditions.java:301)
	at org.openqa.selenium.support.ui.ExpectedConditions$10.apply(ExpectedConditions.java:298)
	at org.openqa.selenium.support.ui.FluentWait.until(FluentWait.java:248)
	at com.cucumbercraft.pages.HSQSearchHomePage.locateDoctorsByNameElement(HSQSearchHomePage.java:135)
	at com.cucumbercraft.stepdefinitions.GeneralStepDefs.i_should_be_landed_on_the_HSQ_Home_page(GeneralStepDefs.java:432)
	at sun.reflect.NativeMethodAccessorImpl.invoke0(Native Method)
	at sun.reflect.NativeMethodAccessorImpl.invoke(NativeMethodAccessorImpl.java:62)
	at sun.reflect.DelegatingMethodAccessorImpl.invoke(DelegatingMethodAccessorImpl.java:43)
	at java.lang.reflect.Method.invoke(Method.java:498)
	at cucumber.runtime.Utils$1.call(Utils.java:40)
	at cucumber.runtime.Timeout.timeout(Timeout.java:16)
	at cucumber.runtime.Utils.invoke(Utils.java:34)
	at cucumber.runtime.java.JavaStepDefinition.execute(JavaStepDefinition.java:38)
	at cucumber.runtime.StepDefinitionMatch.runStep(StepDefinitionMatch.java:37)
	at cucumber.runtime.Runtime.runStep(Runtime.java:300)
	at cucumber.runtime.model.StepContainer.runStep(StepContainer.java:44)
	at cucumber.runtime.model.StepContainer.runSteps(StepContainer.java:39)
	at cucumber.runtime.model.CucumberScenario.run(CucumberScenario.java:44)
	at cucumber.runtime.model.CucumberScenarioOutline.run(CucumberScenarioOutline.java:46)
	at cucumber.runtime.model.CucumberFeature.run(CucumberFeature.java:165)
	at cucumber.api.testng.TestNGCucumberRunner.runCucumber(TestNGCucumberRunner.java:63)
	at cucumber.api.testng.AbstractTestNGCucumberTests.feature(AbstractTestNGCucumberTests.java:21)
	at sun.reflect.NativeMethodAccessorImpl.invoke0(Native Method)
	at sun.reflect.NativeMethodAccessorImpl.invoke(NativeMethodAccessorImpl.java:62)
	at sun.reflect.DelegatingMethodAccessorImpl.invoke(DelegatingMethodAccessorImpl.java:43)
	at java.lang.reflect.Method.invoke(Method.java:498)
	at org.testng.internal.MethodInvocationHelper.invokeMethod(MethodInvocationHelper.java:108)
	at org.testng.internal.Invoker.invokeMethod(Invoker.java:661)
	at org.testng.internal.Invoker.invokeTestMethod(Invoker.java:869)
	at org.testng.internal.Invoker.invokeTestMethods(Invoker.java:1193)
	at org.testng.internal.TestMethodWorker.invokeTestMethods(TestMethodWorker.java:126)
	at org.testng.internal.TestMethodWorker.run(TestMethodWorker.java:109)
	at org.testng.TestRunner.privateRun(TestRunner.java:744)
	at org.testng.TestRunner.run(TestRunner.java:602)
	at org.testng.SuiteRunner.runTest(SuiteRunner.java:380)
	at org.testng.SuiteRunner.access$000(SuiteRunner.java:39)
	at org.testng.SuiteRunner$SuiteWorker.run(SuiteRunner.java:414)
	at org.testng.internal.thread.ThreadUtil$1.call(ThreadUtil.java:52)
	at java.util.concurrent.FutureTask.run(FutureTask.java:266)
	at java.util.concurrent.ThreadPoolExecutor.runWorker(ThreadPoolExecutor.java:1149)
	at java.util.concurrent.ThreadPoolExecutor$Worker.run(ThreadPoolExecutor.java:624)
	at java.lang.Thread.run(Thread.java:748)
]]></failure>
</testcase>
<testcase classname="Telehealth Filter Result Validation based on Telehealth Provider Name Search" name="Verify Telehealth Provider Name Search 2" time="34.066341">
<failure message="org.openqa.selenium.TimeoutException: Expected condition failed: waiting for visibility of [[FirefoxDriver: firefox on MAC (e63170f2-7767-4345-841d-d8a20ee72a8c)] -&gt; xpath: //input[@placeholder='User name']] (tried for 10 second(s) with 500 milliseconds interval)&#10;Build info: version: '3.12.0', revision: '7c6e0b3', time: '2018-05-08T14:04:26.12Z'&#10;System info: host: 'TRG525170.hsd1.or.comcast.net', ip: 'fe80:0:0:0:87f:749c:cd7c:3a9a%en0', os.name: 'Mac OS X', os.arch: 'x86_64', os.version: '10.13.6', java.version: '1.8.0_161'&#10;Driver info: org.openqa.selenium.firefox.FirefoxDriver&#10;Capabilities {acceptInsecureCerts: true, browserName: firefox, browserVersion: 70.0.1, javascriptEnabled: true, moz:accessibilityChecks: false, moz:buildID: 20191030021342, moz:geckodriverVersion: 0.24.0, moz:headless: false, moz:processID: 48135, moz:profile: /var/folders/_0/k1nlbhv51fj..., moz:shutdownTimeout: 60000, moz:useNonSpecCompliantPointerOrigin: false, moz:webdriverClick: true, pageLoadStrategy: normal, platform: MAC, platformName: MAC, platformVersion: 17.7.0, rotatable: false, setWindowRect: true, strictFileInteractability: false, timeouts: {implicit: 0, pageLoad: 300000, script: 30000}, unhandledPromptBehavior: dismiss and notify}&#10;Session ID: e63170f2-7767-4345-841d-d8a20ee72a8c&#10;&#9;at org.openqa.selenium.support.ui.WebDriverWait.timeoutException(WebDriverWait.java:81)&#10;&#9;at org.openqa.selenium.support.ui.FluentWait.until(FluentWait.java:271)&#10;&#9;at com.cucumbercraft.pages.RegenceAsurisBSHHomePage.clearUserName(RegenceAsurisBSHHomePage.java:191)&#10;&#9;at com.cucumbercraft.stepdefinitions.GeneralStepDefs.login(GeneralStepDefs.java:369)&#10;&#9;at com.cucumbercraft.stepdefinitions.GeneralStepDefs.i_login_with_valid_username_as_something_and_valid_password_as_something(GeneralStepDefs.java:350)&#10;&#9;at ✽.When I login with valid username as &quot;TestASURASTest3&quot; and valid Password as &quot;password$1&quot;(TC0001_RG_AS_Telehealth Filter validation based on Telehealth Provider Name Search.feature:10)&#10;"><![CDATA[Given I am in the "Asuris" brand login page of "authenticated" user experience in "QA3" environment.passed
When I login with valid username as "TestASURASTest3" and valid Password as "password$1".failed
And I click on Find a Doctor link and select "medicalProvider" Icon.........skipped
Then I should be landed on the HSQ Home page................................skipped
And verify the title of the HSQ Home page as "Search homepage"..............skipped
Then I Verify the location is defaulted to "10 BROWN ST, SPOKANE, ..."......skipped
And I Update the address in choose your search location as "SPOKANE, WA 99201" if it is found as invalid.skipped
And I click on "search_All" option..........................................skipped
And I enter the Telehealth provider name as "Fury, Beth A, LMHC"............skipped
And I select the Telehealth filter..........................................skipped
Then the searched provider should be displayed with the Telehealth text "Telehealth".skipped
And I close the HSQ tab.....................................................skipped
And I Navigate back to Regence Member Dashboard Page........................skipped
And I Click on SignOut hyperlink............................................skipped
And I Closed the browser window.............................................skipped

StackTrace:
org.openqa.selenium.TimeoutException: Expected condition failed: waiting for visibility of [[FirefoxDriver: firefox on MAC (e63170f2-7767-4345-841d-d8a20ee72a8c)] -> xpath: //input[@placeholder='User name']] (tried for 10 second(s) with 500 milliseconds interval)
Build info: version: '3.12.0', revision: '7c6e0b3', time: '2018-05-08T14:04:26.12Z'
System info: host: 'TRG525170.hsd1.or.comcast.net', ip: 'fe80:0:0:0:87f:749c:cd7c:3a9a%en0', os.name: 'Mac OS X', os.arch: 'x86_64', os.version: '10.13.6', java.version: '1.8.0_161'
Driver info: org.openqa.selenium.firefox.FirefoxDriver
Capabilities {acceptInsecureCerts: true, browserName: firefox, browserVersion: 70.0.1, javascriptEnabled: true, moz:accessibilityChecks: false, moz:buildID: 20191030021342, moz:geckodriverVersion: 0.24.0, moz:headless: false, moz:processID: 48135, moz:profile: /var/folders/_0/k1nlbhv51fj..., moz:shutdownTimeout: 60000, moz:useNonSpecCompliantPointerOrigin: false, moz:webdriverClick: true, pageLoadStrategy: normal, platform: MAC, platformName: MAC, platformVersion: 17.7.0, rotatable: false, setWindowRect: true, strictFileInteractability: false, timeouts: {implicit: 0, pageLoad: 300000, script: 30000}, unhandledPromptBehavior: dismiss and notify}
Session ID: e63170f2-7767-4345-841d-d8a20ee72a8c
	at org.openqa.selenium.support.ui.WebDriverWait.timeoutException(WebDriverWait.java:81)
	at org.openqa.selenium.support.ui.FluentWait.until(FluentWait.java:271)
	at com.cucumbercraft.pages.RegenceAsurisBSHHomePage.clearUserName(RegenceAsurisBSHHomePage.java:191)
	at com.cucumbercraft.stepdefinitions.GeneralStepDefs.login(GeneralStepDefs.java:369)
	at com.cucumbercraft.stepdefinitions.GeneralStepDefs.i_login_with_valid_username_as_something_and_valid_password_as_something(GeneralStepDefs.java:350)
	at ✽.When I login with valid username as "TestASURASTest3" and valid Password as "password$1"(TC0001_RG_AS_Telehealth Filter validation based on Telehealth Provider Name Search.feature:10)
]]></failure>
</testcase>
</testsuite>
